0 info it worked if it ends with ok
1 verbose cli [ '/usr/local/Cellar/node/6.3.1/bin/node',
1 verbose cli   '/usr/local/bin/npm',
1 verbose cli   'run',
1 verbose cli   'serve' ]
2 info using npm@3.10.8
3 info using node@v6.3.1
4 verbose run-script [ 'preserve', 'serve', 'postserve' ]
5 info lifecycle TestWeex@0.1.0~preserve: TestWeex@0.1.0
6 silly lifecycle TestWeex@0.1.0~preserve: no script for preserve, continuing
7 info lifecycle TestWeex@0.1.0~serve: TestWeex@0.1.0
8 verbose lifecycle TestWeex@0.1.0~serve: unsafe-perm in lifecycle true
9 verbose lifecycle TestWeex@0.1.0~serve: PATH: /usr/local/lib/node_modules/npm/bin/node-gyp-bin:/Users/mobilexu/Documents/weex/TestWeex/weexlib/node_modules/.bin:/usr/local/Cellar/node/6.3.1/bin:/Users/mobilexu/.rvm/gems/ruby-2.2.2/bin:/Users/mobilexu/.rvm/gems/ruby-2.2.2@global/bin:/Users/mobilexu/.rvm/rubies/ruby-2.2.2/bin:/Library/Frameworks/Python.framework/Versions/2.7/bin:/Library/Frameworks/Python.framework/Versions/3.6/bin:/usr/local/bin:/usr/bin:/bin:/usr/sbin:/sbin:/Users/mobilexu/Desktop/反编译工具/jadx/build/jadx/bin:/Users/mobilexu/Documents/sdk/tools:/Users/mobilexu/Documents/sdk/platform-tools:/Users/mobilexu/Documents/android-ndk-r13b:/Users/mobilexu/.rvm/bin:/Users/mobilexu/.rvm/bin
10 verbose lifecycle TestWeex@0.1.0~serve: CWD: /Users/mobilexu/Documents/weex/TestWeex/weexlib
11 silly lifecycle TestWeex@0.1.0~serve: Args: [ '-c', 'serve ./ -p 12580' ]
12 silly lifecycle TestWeex@0.1.0~serve: Returned: code: 1  signal: null
13 info lifecycle TestWeex@0.1.0~serve: Failed to exec serve script
14 verbose stack Error: TestWeex@0.1.0 serve: `serve ./ -p 12580`
14 verbose stack Exit status 1
14 verbose stack     at EventEmitter.<anonymous> (/usr/local/lib/node_modules/npm/lib/utils/lifecycle.js:255:16)
14 verbose stack     at emitTwo (events.js:106:13)
14 verbose stack     at EventEmitter.emit (events.js:191:7)
14 verbose stack     at ChildProcess.<anonymous> (/usr/local/lib/node_modules/npm/lib/utils/spawn.js:40:14)
14 verbose stack     at emitTwo (events.js:106:13)
14 verbose stack     at ChildProcess.emit (events.js:191:7)
14 verbose stack     at maybeClose (internal/child_process.js:852:16)
14 verbose stack     at Process.ChildProcess._handle.onexit (internal/child_process.js:215:5)
15 verbose pkgid TestWeex@0.1.0
16 verbose cwd /Users/mobilexu/Documents/weex/TestWeex/weexlib
17 error Darwin 16.4.0
18 error argv "/usr/local/Cellar/node/6.3.1/bin/node" "/usr/local/bin/npm" "run" "serve"
19 error node v6.3.1
20 error npm  v3.10.8
21 error code ELIFECYCLE
22 error TestWeex@0.1.0 serve: `serve ./ -p 12580`
22 error Exit status 1
23 error Failed at the TestWeex@0.1.0 serve script 'serve ./ -p 12580'.
23 error Make sure you have the latest version of node.js and npm installed.
23 error If you do, this is most likely a problem with the TestWeex package,
23 error not with npm itself.
23 error Tell the author that this fails on your system:
23 error     serve ./ -p 12580
23 error You can get information on how to open an issue for this project with:
23 error     npm bugs TestWeex
23 error Or if that isn't available, you can get their info via:
23 error     npm owner ls TestWeex
23 error There is likely additional logging output above.
24 verbose exit [ 1, true ]
